Arguments: 
  C:\Program Files\nodejs\node.exe C:\Users\manue\AppData\Roaming\npm\node_modules\yarn\bin\yarn.js

PATH: 
  C:\Python27\;C:\Python27\Scripts;C:\Program Files\Common Files\Oracle\Java\javapath;C:\Program Files (x86)\Common Files\Oracle\Java\javapath;C:\Python39\Scripts\;C:\Python39\;C:\Windows\system32;C:\Windows;C:\Windows\System32\Wbem;C:\Windows\System32\WindowsPowerShell\v1.0\;C:\Windows\System32\OpenSSH\;C:\Program Files (x86)\NVIDIA Corporation\PhysX\Common;C:\Program Files\NVIDIA Corporation\NVIDIA NvDLISR;C:\Program Files (x86)\ZeroTier\One\;C:\ProgramData\chocolatey\bin;C:\Program Files\Java\jre1.8.0_271\bin;C:\WINDOWS\system32;C:\WINDOWS;C:\WINDOWS\System32\Wbem;C:\WINDOWS\System32\WindowsPowerShell\v1.0\;C:\WINDOWS\System32\OpenSSH\;D:\Schule\NVS\webrequestapi\src\index.js;C:\Program Files\Git\cmd;C:\Program Files\dotnet\;C:\Program Files\Microsoft SQL Server\130\Tools\Binn\;C:\Program Files\Microsoft SQL Server\Client SDK\ODBC\170\Tools\Binn\;C:\Program Files (x86)\dotnet\;C:\Program Files\nodejs\;C:\Program Files\Java\jdk1.8.0_211\bin;C:\Program Files (x86)\Windows Kits\10\Windows Performance Toolkit\;C:\Program Files (x86)\GitExtensions\;C:\Users\manue\AppData\Local\Microsoft\WindowsApps;C:\Users\manue\AppData\Local\GitHubDesktop\bin;C:\Program Files\Java\jre1.8.0_271\bin;C:\tools\dart-sdk\bin;C:\Users\manue\AppData\Roaming\Pub\Cache\bin;C:\Users\manue\.dotnet\tools;C:\Users\manue\AppData\Local\Programs\Microsoft VS Code\bin;C:\Users\manue\AppData\Roaming\npm;

Yarn version: 
  1.22.11

Node version: 
  16.3.0

Platform: 
  win32 x64

Trace: 
  SyntaxError: D:\Diplomarbeit\React\ChEdu\package.json: Unexpected token } in JSON at position 1383
      at JSON.parse (<anonymous>)
      at C:\Users\manue\AppData\Roaming\npm\node_modules\yarn\lib\cli.js:1625:59
      at Generator.next (<anonymous>)
      at step (C:\Users\manue\AppData\Roaming\npm\node_modules\yarn\lib\cli.js:310:30)
      at C:\Users\manue\AppData\Roaming\npm\node_modules\yarn\lib\cli.js:321:13

npm manifest: 
  {
    "name": "chedu",
    "homepage": "./",
    "version": "0.0.1",
    "private": true,
    "scripts": {
      "android": "react-native run-android",
      "ios": "react-native run-ios",
      "web": "react-scripts start",
      "start": "react-native start",
      "test": "jest",
      "lint": "eslint .",
      "build": "react-scripts build"
    },
    "dependencies": {
      "@chrisoakman/chessboardjs": "^1.0.0",
      "@react-native-community/async-storage": "^1.12.1",
      "@react-native-community/masked-view": "^0.1.11",
      "@react-navigation/native": "^6.0.2",
      "@react-navigation/native-stack": "^6.1.0",
      "axios": "^0.24.0",
      "babel-preset-es2015": "^6.24.1",
      "babel-preset-react": "^6.24.1",
      "chalk": "^4.1.2",
      "chess.js": "^0.12.0",
      "chessboardjsx": "^2.4.7",
      "express": "^4.17.1",
      "preset-react": "^1.0.0",
      "react": "^17.0.2",
      "react-chessboard": "^0.0.15",
      "react-dom": "^17.0.2",
      "react-favicon": "^0.0.25",
      "react-native": "0.65.1",
      "react-native-gesture-handler": "^1.10.3",
      "react-native-paper": "^4.9.2",
      "react-native-reanimated": "^2.2.0",
      "react-native-safe-area-context": "^3.3.2",
      "react-native-screens": "^3.6.0",
      "react-native-table-component": "^1.2.1",
      "react-native-vector-icons": "^8.1.0",
      "react-native-web": "^0.17.5",
      "react-native-webview": "^11.13.0",
      "react-scripts": "^4.0.3",
    },
    "devDependencies": {
      "@babel/core": "^7.12.9",
      "@babel/preset-react": "^7.14.5",
      "@babel/runtime": "^7.12.5",
      "@react-native-community/eslint-config": "^2.0.0",
      "@types/chess.js": "^0.11.2",
      "@types/jest": "^27.0.2",
      "@types/react": "^17.0.32",
      "@types/react-native": "^0.66.0",
      "@types/react-test-renderer": "^17.0.1",
      "babel-cli": "^6.26.0",
      "metro-react-native-babel-preset": "^0.66.0",
      "react-native-codegen": "^0.0.7",
      "react-native-typescript-transformer": "^1.2.13",
      "react-test-renderer": "17.0.2",
      "tslint": "^6.1.3",
      "tslint-eslint-rules": "^5.4.0",
      "tslint-react": "^5.0.0",
      "tslint-react-recommended": "^1.0.15",
      "typescript": "^4.4.4"
    },
    "jest": {
      "preset": "react-native"
    },
    "browserslist": {
      "production": [
        ">0.2%",
        "not dead",
        "not op_mini all"
      ],
      "development": [
        "last 1 chrome version",
        "last 1 firefox version",
        "last 1 safari version"
      ]
    }
  }

yarn manifest: 
  No manifest

Lockfile: 
  No lockfile
